<?xml version="1.0" encoding="UTF-8"?>
<testsuite xmlns:xsi="http://www.w3.org/2001/XMLSchema-instance" xsi:noNamespaceSchemaLocation="https://maven.apache.org/surefire/maven-surefire-plugin/xsd/surefire-test-report.xsd" name="com.hotelmanagement.service.RestaurantTableServiceTest" time="0.096" tests="7" errors="0" skipped="0" failures="0">
  <properties>
[...]
</properties>
  <testcase name="testDeleteTable" classname="com.hotelmanagement.service.RestaurantTableServiceTest" time="0.079"/>
  <testcase name="testGetAvailableTables" classname="com.hotelmanagement.service.RestaurantTableServiceTest" time="0.004"/>
  <testcase name="testGetByIdNotFound" classname="com.hotelmanagement.service.RestaurantTableServiceTest" time="0.003"/>
  <testcase name="testCreateTable" classname="com.hotelmanagement.service.RestaurantTableServiceTest" time="0.002"/>
  <testcase name="testGetByIdFound" classname="com.hotelmanagement.service.RestaurantTableServiceTest" time="0.001"/>
  <testcase name="testUpdateStatus" classname="com.hotelmanagement.service.RestaurantTableServiceTest" time="0.004"/>
  <testcase name="testGetAllTables" classname="com.hotelmanagement.service.RestaurantTableServiceTest" time="0.001"/>
</testsuite>