<?xml version="1.0" encoding="UTF-8"?>
<testsuite xmlns:xsi="http://www.w3.org/2001/XMLSchema-instance" xsi:noNamespaceSchemaLocation="https://maven.apache.org/surefire/maven-surefire-plugin/xsd/surefire-test-report-3.0.xsd" version="3.0" name="com.hotelmanagement.service.TableReservationServiceTest" time="0.111" tests="17" errors="0" skipped="0" failures="0">
  <properties>
[...]
</properties>
  <testcase name="testCreateReservationNonExistentGuest" classname="com.hotelmanagement.service.TableReservationServiceTest" time="0.003"/>
  <testcase name="testCompleteReservation" classname="com.hotelmanagement.service.TableReservationServiceTest" time="0.003"/>
  <testcase name="testCreateReservationMaxPartySize" classname="com.hotelmanagement.service.TableReservationServiceTest" time="0.003"/>
  <testcase name="testCreateReservationInvalidLowPartySize(int)[1]" classname="com.hotelmanagement.service.TableReservationServiceTest" time="0.003"/>
  <testcase name="testCreateReservationInvalidLowPartySize(int)[2]" classname="com.hotelmanagement.service.TableReservationServiceTest" time="0.001"/>
  <testcase name="testCreateReservationInvalidLowPartySize(int)[3]" classname="com.hotelmanagement.service.TableReservationServiceTest" time="0.001"/>
  <testcase name="testCreateReservationMinPartySize" classname="com.hotelmanagement.service.TableReservationServiceTest" time="0.036"/>
  <testcase name="testCreateReservationBlankTimeSlot" classname="com.hotelmanagement.service.TableReservationServiceTest" time="0.002"/>
  <testcase name="testMarkNoShow" classname="com.hotelmanagement.service.TableReservationServiceTest" time="0.004"/>
  <testcase name="testCreateReservationExceedMaxPartySize" classname="com.hotelmanagement.service.TableReservationServiceTest" time="0.003"/>
  <testcase name="testCreateReservationMissingGuest" classname="com.hotelmanagement.service.TableReservationServiceTest" time="0.002"/>
  <testcase name="testDeleteReservation" classname="com.hotelmanagement.service.TableReservationServiceTest" time="0.003"/>
  <testcase name="testFindQueries" classname="com.hotelmanagement.service.TableReservationServiceTest" time="0.003"/>
  <testcase name="testSeatReservation" classname="com.hotelmanagement.service.TableReservationServiceTest" time="0.003"/>
  <testcase name="testCreateReservationNullDate" classname="com.hotelmanagement.service.TableReservationServiceTest" time="0.002"/>
  <testcase name="testCancelReservation" classname="com.hotelmanagement.service.TableReservationServiceTest" time="0.002"/>
  <testcase name="testConfirmReservation" classname="com.hotelmanagement.service.TableReservationServiceTest" time="0.003"/>
</testsuite>