<?xml version="1.0" encoding="UTF-8"?>
<testsuite xmlns:xsi="http://www.w3.org/2001/XMLSchema-instance" xsi:noNamespaceSchemaLocation="https://maven.apache.org/surefire/maven-surefire-plugin/xsd/surefire-test-report-3.0.xsd" version="3.0" name="com.hotelmanagement.service.HotelManagementIntegrationTest" time="16.177" tests="7" errors="0" skipped="0" failures="0">
  <properties>
[...]
</properties>
  <testcase name="testMaintenanceRoomNotAvailable" classname="com.hotelmanagement.service.HotelManagementIntegrationTest" time="0.286">
    <system-out><![CDATA[14:30:32.394 [main] DEBUG org.springframework.test.context.BootstrapUtils - Instantiating CacheAwareContextLoaderDelegate from class [org.springframework.test.context.cache.DefaultCacheAwareContextLoaderDelegate]
14:30:32.456 [main] DEBUG org.springframework.test.context.BootstrapUtils - Instantiating BootstrapContext using constructor [public org.springframework.test.context.support.DefaultBootstrapContext(java.lang.Class,org.springframework.test.context.CacheAwareContextLoaderDelegate)]
14:30:32.618 [main] DEBUG org.springframework.test.context.BootstrapUtils - Instantiating TestContextBootstrapper for test class [com.hotelmanagement.service.HotelManagementIntegrationTest] from class [org.springframework.boot.test.context.SpringBootTestContextBootstrapper]
14:30:32.643 [main] INFO org.springframework.boot.test.context.SpringBootTestContextBootstrapper - Neither @ContextConfiguration nor @ContextHierarchy found for test class [com.hotelmanagement.service.HotelManagementIntegrationTest], using SpringBootContextLoader
14:30:32.655 [main] DEBUG org.springframework.test.context.support.AbstractContextLoader - Did not detect default resource location for test class [com.hotelmanagement.service.HotelManagementIntegrationTest]: class path resource [com/hotelmanagement/service/HotelManagementIntegrationTest-context.xml] does not exist
14:30:32.656 [main] DEBUG org.springframework.test.context.support.AbstractContextLoader - Did not detect default resource location for test class [com.hotelmanagement.service.HotelManagementIntegrationTest]: class path resource [com/hotelmanagement/service/HotelManagementIntegrationTestContext.groovy] does not exist
14:30:32.656 [main] INFO org.springframework.test.context.support.AbstractContextLoader - Could not detect default resource locations for test class [com.hotelmanagement.service.HotelManagementIntegrationTest]: no resource found for suffixes {-context.xml, Context.groovy}.
14:30:32.657 [main] INFO org.springframework.test.context.support.AnnotationConfigContextLoaderUtils - Could not detect default configuration classes for test class [com.hotelmanagement.service.HotelManagementIntegrationTest]: HotelManagementIntegrationTest does not declare any static, non-private, non-final, nested classes annotated with @Configuration.
14:30:33.022 [main] DEBUG org.springframework.context.annotation.ClassPathScanningCandidateComponentProvider - Identified candidate component class: file [D:\AAiT PROJECTS\QA TEST\final project\target\classes\com\hotelmanagement\HotelManagementApplication.class]
14:30:33.023 [main] INFO org.springframework.boot.test.context.SpringBootTestContextBootstrapper - Found @SpringBootConfiguration com.hotelmanagement.HotelManagementApplication for test class com.hotelmanagement.service.HotelManagementIntegrationTest
14:30:33.243 [main] DEBUG org.springframework.boot.test.context.SpringBootTestContextBootstrapper - @TestExecutionListeners is not present for class [com.hotelmanagement.service.HotelManagementIntegrationTest]: using defaults.
14:30:33.244 [main] INFO org.springframework.boot.test.context.SpringBootTestContextBootstrapper - Loaded default TestExecutionListener class names from location [META-INF/spring.factories]: [org.springframework.boot.test.mock.mockito.MockitoTestExecutionListener, org.springframework.boot.test.mock.mockito.ResetMocksTestExecutionListener, org.springframework.boot.test.autoconfigure.restdocs.RestDocsTestExecutionListener, org.springframework.boot.test.autoconfigure.web.client.MockRestServiceServerResetTestExecutionListener, org.springframework.boot.test.autoconfigure.web.servlet.MockMvcPrintOnlyOnFailureTestExecutionListener, org.springframework.boot.test.autoconfigure.web.servlet.WebDriverTestExecutionListener, org.springframework.boot.test.autoconfigure.webservices.client.MockWebServiceServerTestExecutionListener, org.springframework.test.context.web.ServletTestExecutionListener, org.springframework.test.context.support.DirtiesContextBeforeModesTestExecutionListener, org.springframework.test.context.event.ApplicationEventsTestExecutionListener, org.springframework.test.context.support.DependencyInjectionTestExecutionListener, org.springframework.test.context.support.DirtiesContextTestExecutionListener, org.springframework.test.context.transaction.TransactionalTestExecutionListener, org.springframework.test.context.jdbc.SqlScriptsTestExecutionListener, org.springframework.test.context.event.EventPublishingTestExecutionListener]
14:30:33.292 [main] INFO org.springframework.boot.test.context.SpringBootTestContextBootstrapper - Using TestExecutionListeners: [org.springframework.test.context.web.ServletTestExecutionListener@32b46831, org.springframework.test.context.support.DirtiesContextBeforeModesTestExecutionListener@5353dd09, org.springframework.test.context.event.ApplicationEventsTestExecutionListener@320ff86f, org.springframework.boot.test.mock.mockito.MockitoTestExecutionListener@192b472d, org.springframework.boot.test.autoconfigure.SpringBootDependencyInjectionTestExecutionListener@84f51d9, org.springframework.test.context.support.DirtiesContextTestExecutionListener@45b96e4c, org.springframework.test.context.transaction.TransactionalTestExecutionListener@8383a14, org.springframework.test.context.jdbc.SqlScriptsTestExecutionListener@4b691611, org.springframework.test.context.event.EventPublishingTestExecutionListener@395a573c, org.springframework.boot.test.mock.mockito.ResetMocksTestExecutionListener@379f9555, org.springframework.boot.test.autoconfigure.restdocs.RestDocsTestExecutionListener@7e3ee128, org.springframework.boot.test.autoconfigure.web.client.MockRestServiceServerResetTestExecutionListener@7d64a960, org.springframework.boot.test.autoconfigure.web.servlet.MockMvcPrintOnlyOnFailureTestExecutionListener@166ce247, org.springframework.boot.test.autoconfigure.web.servlet.WebDriverTestExecutionListener@5d92e8e2, org.springframework.boot.test.autoconfigure.webservices.client.MockWebServiceServerTestExecutionListener@542c65d9]
14:30:33.299 [main] DEBUG org.springframework.test.context.support.AbstractDirtiesContextTestExecutionListener - Before test class: context [DefaultTestContext@3a88f6fb testClass = HotelManagementIntegrationTest, testInstance = [null], testMethod = [null], testException = [null], mergedContextConfiguration = [WebMergedContextConfiguration@7b451bf4 testClass = HotelManagementIntegrationTest, locations = '{}', classes = '{class com.hotelmanagement.HotelManagementApplication}', contextInitializerClasses = '[]', activeProfiles = '{test}', propertySourceLocations = '{}', propertySourceProperties = '{org.springframework.boot.test.context.SpringBootTestContextBootstrapper=true}', contextCustomizers = set[org.springframework.boot.test.context.filter.ExcludeFilterContextCustomizer@740a0d5e, org.springframework.boot.test.json.DuplicateJsonObjectContextCustomizerFactory$DuplicateJsonObjectContextCustomizer@6f930e0, org.springframework.boot.test.mock.mockito.MockitoContextCustomizer@0, org.springframework.boot.test.web.client.TestRestTemplateContextCustomizer@20a24edf, org.springframework.boot.test.autoconfigure.actuate.metrics.MetricsExportContextCustomizerFactory$DisableMetricExportContextCustomizer@f245bdd, org.springframework.boot.test.autoconfigure.properties.PropertyMappingContextCustomizer@0, org.springframework.boot.test.autoconfigure.web.servlet.WebDriverContextCustomizerFactory$Customizer@2faa55bb, org.springframework.boot.test.context.SpringBootTestArgs@1, org.springframework.boot.test.context.SpringBootTestWebEnvironment@41294f8], resourceBasePath = 'src/main/webapp', contextLoader = 'org.springframework.boot.test.context.SpringBootContextLoader', parent = [null]], attributes = map['org.springframework.test.context.web.ServletTestExecutionListener.activateListener' -> true]], class annotated with @DirtiesContext [false] with mode [null].

  .   ____          _            __ _ _
 /\\ / ___'_ __ _ _(_)_ __  __ _ \ \ \ \
( ( )\___ | '_ | '_| | '_ \/ _` | \ \ \ \
 \\/  ___)| |_)| | | | | || (_| |  ) ) ) )
  '  |____| .__|_| |_|_| |_\__, | / / / /
 =========|_|==============|___/=/_/_/_/
 :: Spring Boot ::               (v2.7.14)

2026-09-18 14:30:34.197  INFO 29516 --- [           main] c.h.s.HotelManagementIntegrationTest     : Starting HotelManagementIntegrationTest using Java 21.0.9 on DESKTOP-0Q8INHR with PID 29516 (started by 12yem in D:\AAiT PROJECTS\QA TEST\final project)
2026-09-18 14:30:34.199 DEBUG 29516 --- [           main] c.h.s.HotelManagementIntegrationTest     : Running with Spring Boot v2.7.14, Spring v5.3.29
2026-09-18 14:30:34.199  INFO 29516 --- [           main] c.h.s.HotelManagementIntegrationTest     : The following 1 profile is active: "test"
2026-09-18 14:30:44.309  WARN 29516 --- [           main] .s.s.UserDetailsServiceAutoConfiguration : 

Using generated security password: fbd2bd7b-b1e8-4359-b3f8-4b340fad932d

This generated password is for development use only. Your security configuration must be updated before running your application in production.

2026-09-18 14:30:45.094  WARN 29516 --- [           main] JpaBaseConfiguration$JpaWebConfiguration : spring.jpa.open-in-view is enabled by default. Therefore, database queries may be performed during view rendering. Explicitly configure spring.jpa.open-in-view to disable this warning
2026-09-18 14:30:46.715  INFO 29516 --- [           main] c.h.s.HotelManagementIntegrationTest     : Started HotelManagementIntegrationTest in 13.338 seconds (JVM running for 19.588)
2026-09-18 14:30:47.148  INFO 29516 --- [           main] com.hotelmanagement.config.DataSeeder    : Super-admin account secured and seeded: 12yemom@gmail.com
2026-09-18 14:30:47.157  INFO 29516 --- [           main] com.hotelmanagement.config.DataSeeder    : Super-admin account secured and seeded: 12yemom@gamail.com
2026-09-18 14:30:47.228  INFO 29516 --- [           main] com.hotelmanagement.config.DataSeeder    : Seeded 18 restaurant tables
2026-09-18 14:30:47.348  INFO 29516 --- [           main] com.hotelmanagement.config.DataSeeder    : Ensured 14 hotel rooms are registered in inventory (14 newly seeded)
2026-09-18 14:30:47.348  INFO 29516 --- [           main] com.hotelmanagement.config.DataSeeder    : DataSeeder completed successfully on attempt 1
]]></system-out>
  </testcase>
  <testcase name="testSuspendedGuestCannotReserve" classname="com.hotelmanagement.service.HotelManagementIntegrationTest" time="0.044"/>
  <testcase name="testCompleteReservationWorkflow" classname="com.hotelmanagement.service.HotelManagementIntegrationTest" time="0.163"/>
  <testcase name="testNoDiscountShortPeakSeason" classname="com.hotelmanagement.service.HotelManagementIntegrationTest" time="0.048"/>
  <testcase name="testRoomAvailabilityAfterReservationCycle" classname="com.hotelmanagement.service.HotelManagementIntegrationTest" time="0.16"/>
  <testcase name="testSeniorVipMaximumDiscount" classname="com.hotelmanagement.service.HotelManagementIntegrationTest" time="0.11"/>
  <testcase name="testGetGuestReservations" classname="com.hotelmanagement.service.HotelManagementIntegrationTest" time="0.073"/>
</testsuite>